[2025-02-24 10:29:33] Exception: Impossible de charger la classe : HomeController in /home/nitro/Sites/miamm/app/Core/Autoloader.php on line 20
[2025-02-24 10:30:05] Exception: Impossible de charger la classe : HomeController in /home/nitro/Sites/miamm/app/Core/Autoloader.php on line 20
[2025-02-24 10:30:24] Exception: Impossible de charger la classe : HomeController in /home/nitro/Sites/miamm/app/Core/Autoloader.php on line 20
[2025-02-24 11:28:32] ErrorException: parse_ini_file(/home/nitro/Sites/miamm/app/Core/../app/routes.ini): Failed to open stream: No such file or directory in /home/nitro/Sites/miamm/app/Core/Router.php on line 15
[2025-02-24 11:28:51] ErrorException: parse_ini_file(/home/nitro/Sites/miamm/app/Coreapp/routes.ini): Failed to open stream: No such file or directory in /home/nitro/Sites/miamm/app/Core/Router.php on line 15
[2025-02-24 11:28:57] ErrorException: parse_ini_file(/home/nitro/Sites/miamm/app/Core../app/routes.ini): Failed to open stream: No such file or directory in /home/nitro/Sites/miamm/app/Core/Router.php on line 15
[2025-02-24 11:29:04] ErrorException: parse_ini_file(/home/nitro/Sites/miamm/app/Core../../app/routes.ini): Failed to open stream: No such file or directory in /home/nitro/Sites/miamm/app/Core/Router.php on line 15
[2025-02-24 11:29:16] Exception: Impossible de charger la classe : Core/Parser in /home/nitro/Sites/miamm/app/Core/Autoloader.php on line 20
[2025-02-24 11:34:09] ErrorException: Undefined variable $routes in /home/nitro/Sites/miamm/app/Core/Router.php on line 38
[2025-02-24 11:34:28] ErrorException: Undefined array key "route" in /home/nitro/Sites/miamm/app/Core/Router.php on line 38
[2025-02-24 11:36:07] Error: Call to undefined method App\Core\Router::createRequest() in /home/nitro/Sites/miamm/public/app.php on line 10
[2025-02-24 11:36:17] TypeError: App\Core\Router::extractUri(): Return value must be of type App\Core\Request, none returned in /home/nitro/Sites/miamm/app/Core/Router.php on line 43
[2025-02-24 11:36:43] TypeError: App\Core\Router::extractUri(): Return value must be of type App\Core\Request, none returned in /home/nitro/Sites/miamm/app/Core/Router.php on line 43
[2025-02-24 11:53:53] ErrorException: preg_match(): No ending delimiter '/' found in /home/nitro/Sites/miamm/app/Core/Router.php on line 46
[2025-02-24 13:02:07] Exception: Impossible de charger la classe : RecetteController in /home/nitro/Sites/miamm/app/Core/Autoloader.php on line 24
[2025-02-24 13:03:20] ParseError: syntax error, unexpected string content "", expecting "-" or identifier or variable or number in /home/nitro/Sites/miamm/app/Core/Router.php on line 55
[2025-02-24 13:03:50] Exception: Impossible de charger la classe : RecetteController in /home/nitro/Sites/miamm/app/Core/Autoloader.php on line 24
[2025-02-24 13:09:48] Exception: Impossible de charger la classe : RecetteController in /home/nitro/Sites/miamm/app/Core/Autoloader.php on line 24
[2025-02-24 13:10:03] Exception: Impossible de charger la classe : HomeController in /home/nitro/Sites/miamm/app/Core/Autoloader.php on line 24
[2025-02-24 13:10:51] Exception: Impossible de charger la classe : HomeController in /home/nitro/Sites/miamm/app/Core/Autoloader.php on line 24
[2025-02-24 13:10:54] Exception: Impossible de charger la classe : HomeController in /home/nitro/Sites/miamm/app/Core/Autoloader.php on line 24
[2025-02-24 13:10:56] Exception: Impossible de charger la classe : HomeController in /home/nitro/Sites/miamm/app/Core/Autoloader.php on line 24
[2025-02-24 13:11:58] Exception: Impossible de charger la classe : HomeController in /home/nitro/Sites/miamm/app/Core/Autoloader.php on line 24
[2025-02-24 13:13:26] Exception: Impossible de charger la classe : HomeController in /home/nitro/Sites/miamm/app/Core/Autoloader.php on line 28
[2025-02-24 13:13:35] Exception: Impossible de charger la classe : HomeController in /home/nitro/Sites/miamm/app/Core/Autoloader.php on line 28
[2025-02-24 13:21:12] Exception: Impossible de charger la classe : app/HomeController in /home/nitro/Sites/miamm/app/Core/Autoloader.php on line 27
[2025-02-24 13:21:26] Exception: Impossible de charger la classe : app/HomeController in /home/nitro/Sites/miamm/app/Core/Autoloader.php on line 29
[2025-02-24 13:22:51] Exception: Impossible de charger la classe : app/HomeController in /home/nitro/Sites/miamm/app/Core/Autoloader.php on line 30
[2025-02-24 13:23:10] Exception: Impossible de charger la classe : app/HomeController in /home/nitro/Sites/miamm/app/Core/Autoloader.php on line 30
[2025-02-24 13:24:28] Error: Class "Controllers/HomeController" not found in /home/nitro/Sites/miamm/app/Core/Router.php on line 91
[2025-02-24 13:24:42] ParseError: Unclosed '{' on line 80 in /home/nitro/Sites/miamm/app/Core/Router.php on line 105
[2025-02-24 13:24:53] Error: Class "Controllers\HomeController" not found in /home/nitro/Sites/miamm/app/Core/Router.php on line 91
[2025-02-24 13:25:21] Exception: Impossible de charger la classe : app/HomeController in /home/nitro/Sites/miamm/app/Core/Autoloader.php on line 28
[2025-02-24 13:27:33] Exception: ❌ Impossible de charger la classe : HomeController (Tenté : /home/nitro/Sites/miamm/app/HomeController.php) in /home/nitro/Sites/miamm/app/Core/Autoloader.php on line 34
[2025-02-24 13:27:37] Exception: ❌ Impossible de charger la classe : HomeController (Tenté : /home/nitro/Sites/miamm/app/HomeController.php) in /home/nitro/Sites/miamm/app/Core/Autoloader.php on line 34
[2025-02-24 13:27:38] Exception: ❌ Impossible de charger la classe : HomeController (Tenté : /home/nitro/Sites/miamm/app/HomeController.php) in /home/nitro/Sites/miamm/app/Core/Autoloader.php on line 34
[2025-02-24 13:27:49] Exception: Impossible de charger la classe : HomeController (Tenté : /home/nitro/Sites/miamm/app/HomeController.php) in /home/nitro/Sites/miamm/app/Core/Autoloader.php on line 34
[2025-02-24 17:21:07] Exception: Impossible de charger la classe : RecetteController (Tenté : /home/nitro/Sites/miamm/RecetteController.php) in /home/nitro/Sites/miamm/app/Core/Autoloader.php on line 37
[2025-02-24 17:22:27] Exception: Impossible de charger la classe : RecetteController (Tenté : /home/nitro/Sites/miamm/RecetteController.php) in /home/nitro/Sites/miamm/app/Core/Autoloader.php on line 37
[2025-02-24 17:22:32] Exception: Impossible de charger la classe : RecetteController (Tenté : /home/nitro/Sites/miamm/RecetteController.php) in /home/nitro/Sites/miamm/app/Core/Autoloader.php on line 37
[2025-02-24 17:22:33] Exception: Impossible de charger la classe : RecetteController (Tenté : /home/nitro/Sites/miamm/RecetteController.php) in /home/nitro/Sites/miamm/app/Core/Autoloader.php on line 37
[2025-02-24 17:23:00] Exception: Impossible de charger la classe : RecetteController (Tenté : /home/nitro/Sites/miamm/RecetteController.php) in /home/nitro/Sites/miamm/app/Core/Autoloader.php on line 37
[2025-02-24 17:23:04] Exception: Impossible de charger la classe : RecetteController (Tenté : /home/nitro/Sites/miamm/RecetteController.php) in /home/nitro/Sites/miamm/app/Core/Autoloader.php on line 37
[2025-02-24 17:23:05] Exception: Impossible de charger la classe : RecetteController (Tenté : /home/nitro/Sites/miamm/RecetteController.php) in /home/nitro/Sites/miamm/app/Core/Autoloader.php on line 37
[2025-02-24 18:05:30] ErrorException: Undefined variable $recettes in /home/nitro/Sites/miamm/app/Views/pages/recette/index.php on line 3
[2025-02-24 18:05:47] ErrorException: Undefined variable $recettes in /home/nitro/Sites/miamm/app/Views/pages/recette/index.php on line 3
[2025-02-24 18:05:50] ErrorException: Undefined variable $recettes in /home/nitro/Sites/miamm/app/Views/pages/recette/index.php on line 3
[2025-02-25 09:55:14] ArgumentCountError: link() expects exactly 2 arguments, 1 given in /home/nitro/Sites/miamm/app/Views/layouts/default.php on line 16
[2025-02-25 09:55:33] ArgumentCountError: link() expects exactly 2 arguments, 1 given in /home/nitro/Sites/miamm/app/Views/layouts/default.php on line 16
[2025-02-25 09:56:19] ArgumentCountError: link() expects exactly 2 arguments, 1 given in /home/nitro/Sites/miamm/app/Views/layouts/default.php on line 16
[2025-02-25 10:44:53] Error: Call to undefined function App\Core\apcu_exists() in /home/nitro/Sites/miamm/app/Core/Router.php on line 31
[2025-02-25 10:48:34] ArgumentCountError: link() expects exactly 2 arguments, 1 given in /home/nitro/Sites/miamm/app/Views/layouts/default.php on line 16
[2025-02-25 10:49:33] ArgumentCountError: link() expects exactly 2 arguments, 1 given in /home/nitro/Sites/miamm/app/Views/layouts/default.php on line 16
[2025-02-25 10:49:38] ArgumentCountError: link() expects exactly 2 arguments, 1 given in /home/nitro/Sites/miamm/app/Views/layouts/default.php on line 16
[2025-02-25 10:49:58] ArgumentCountError: link() expects exactly 2 arguments, 1 given in /home/nitro/Sites/miamm/app/Views/layouts/default.php on line 16
[2025-02-25 10:50:01] ArgumentCountError: link() expects exactly 2 arguments, 1 given in /home/nitro/Sites/miamm/app/Views/layouts/default.php on line 16
[2025-02-25 10:50:45] Error: Call to undefined function getLink() in /home/nitro/Sites/miamm/app/Views/layouts/default.php on line 16
[2025-02-25 10:53:43] Error: Call to undefined method App\Controllers\RecetteController::show() in /home/nitro/Sites/miamm/app/Core/Router.php on line 119
[2025-02-25 10:54:34] ErrorException: Undefined variable $namedRoutes in /home/nitro/Sites/miamm/app/Core/Router.php on line 22
[2025-02-25 10:55:11] Error: Call to undefined method App\Controllers\RecetteController::show() in /home/nitro/Sites/miamm/app/Core/Router.php on line 119
[2025-02-25 10:55:46] Error: Call to undefined method App\Controllers\RecetteController::show() in /home/nitro/Sites/miamm/app/Core/Router.php on line 119
[2025-02-25 15:35:41] Error: Call to undefined method App\Domain\Recette\Recette::getImage() in /home/nitro/Sites/miamm/app/Views/pages/recette/index.php on line 12
[2025-02-25 15:35:53] Error: Call to undefined method App\Domain\Recette\Recette::getImage() in /home/nitro/Sites/miamm/app/Views/pages/recette/index.php on line 12
[2025-02-25 15:36:36] Error: Call to undefined method App\Domain\Recette\Recette::getImage() in /home/nitro/Sites/miamm/app/Views/pages/recette/index.php on line 12
[2025-02-25 15:36:54] Error: Call to undefined method App\Domain\Recette\Recette::getTitle() in /home/nitro/Sites/miamm/app/Views/pages/recette/index.php on line 11
